#
# A fatal error has been detected by the Java Runtime Environment:
#
#  EXCEPTION_ACCESS_VIOLATION (0xc0000005) at pc=0x00007fff862f26c4, pid=19216, tid=15800
#
# JRE version: OpenJDK Runtime Environment (24.0.1+9) (build 24.0.1+9-30)
# Java VM: OpenJDK 64-Bit Server VM (24.0.1+9-30, mixed mode, sharing, tiered, compressed oops, compressed class ptrs, g1 gc, windows-amd64)
# Problematic frame:
# C  [libasyncProfiler.dll+0x926c4]
#
# No core dump will be written. Minidumps are not enabled by default on client versions of Windows
#
# JFR recording file will be written. Location: C:\Users\starh\Downloads\Shopping_Cart (2)\hs_err_pid19216.jfr
#
# If you would like to submit a bug report, please visit:
#   https://bugreport.java.com/bugreport/crash.jsp
# The crash happened outside the Java Virtual Machine in native code.
# See problematic frame for where to report the bug.
#

---------------  S U M M A R Y ------------

Command Line: -javaagent:C:\Program Files\JetBrains\IntelliJ IDEA 2025.1.1.1\lib\idea_rt.jar=58289 -agentpath:C:\Users\starh\AppData\Local\Temp\idea_libasyncProfiler_dll_temp_folder10\libasyncProfiler.dll=start,jfr,event=wall,interval=10ms,jfrsync=profile,cstack=no,file=C:\Users\starh\IdeaSnapshots\ShoppingCartApllication_2025_05_11_022630.jfr,dbghelppath=C:\Users\starh\AppData\Local\Temp\idea_dbghelp_dll_temp_folder\dbghelp.dll,log=C:\Users\starh\AppData\Local\Temp\ShoppingCartApllication_2025_05_11_022630.jfr.log.txt,logLevel=DEBUG -Dfile.encoding=UTF-8 -Dsun.stdout.encoding=UTF-8 -Dsun.stderr.encoding=UTF-8 jdk.jfr.snippets.Snippets$ConfigurationOverview

Host: Intel(R) Core(TM) Ultra 7 155H, 22 cores, 15G,  Windows 11 , 64 bit Build 26100 (10.0.26100.3775)
Time: Sun May 11 02:26:30 2025 India Standard Time elapsed time: 0.516789 seconds (0d 0h 0m 0s)

---------------  T H R E A D  ---------------

Current thread (0x00000248c5876de0):  JavaThread "main"             [_thread_in_native, id=15800, stack(0x000000ff06300000,0x000000ff06400000) (1024K)]

Stack: [0x000000ff06300000,0x000000ff06400000],  sp=0x000000ff063fea50,  free space=1018k
Native frames: (J=compiled Java code, j=interpreted, Vv=VM code, C=native code)
C  [libasyncProfiler.dll+0x926c4]  (no source info available)
C  [libasyncProfiler.dll+0x92b9b]  (no source info available)
C  [libasyncProfiler.dll+0x917f4]  (no source info available)
C  [libasyncProfiler.dll+0x9206a]  (no source info available)
C  [libasyncProfiler.dll+0x8cc21]  (no source info available)
C  [libasyncProfiler.dll+0x7e5e1]  (no source info available)
C  [libasyncProfiler.dll+0x7d2f8]  (no source info available)
C  [libasyncProfiler.dll+0x7d1e0]  (no source info available)
C  [libasyncProfiler.dll+0x832fc]  (no source info available)
V  [jvm.dll+0x5e38de]  (no source info available)
V  [jvm.dll+0x886056]  (no source info available)
V  [jvm.dll+0x495f3e]  (no source info available)
V  [jvm.dll+0x497d11]  (no source info available)
C  [jli.dll+0x52a1]  (no source info available)
C  [ucrtbase.dll+0x37b0]  (no source info available)
C  [KERNEL32.DLL+0x2e8d7]  (no source info available)
C  [ntdll.dll+0xb14fc]  (no source info available)


siginfo: EXCEPTION_ACCESS_VIOLATION (0xc0000005), reading address 0xffffffffffffffff


Registers:
RAX=0x0000000000000010, RBX=0x0000000000000000, RCX=0xffffffffffffffff, RDX=0x007ffefc9b300010
RSP=0x000000ff063fea50, RBP=0x00000248c14ba510, RSI=0x000000ff063febc0, RDI=0x00000248c14ba510
R8 =0x0000000000000042, R9 =0x0000000718801ed8, R10=0x00007ffefcc29fb0, R11=0x0000000000000002
R12=0x000000ff063febc0, R13=0x00000248c5cfe9e0, R14=0x00000248c58771a8, R15=0x00000248c58771a8
RIP=0x00007fff862f26c4, EFLAGS=0x0000000000010202

XMM[0]=0x0000000000000000 0x0000000000000000
XMM[1]=0x0000000000000000 0x0000000000000000
XMM[2]=0x0000000000000000 0x0000000000000000
XMM[3]=0x0000000000000000 0x0000000000000000
XMM[4]=0x0000000000000000 0x0000000000000000
XMM[5]=0x0000000000000000 0x0000000000000000
XMM[6]=0x0000000000000000 0x0000000000000000
XMM[7]=0x0000000000000000 0x0000000000000000
XMM[8]=0x0000000000000000 0x0000000000000000
XMM[9]=0x0000000000000000 0x0000000000000000
XMM[10]=0x0000000000000000 0x0000000000000000
XMM[11]=0x0000000000000000 0x0000000000000000
XMM[12]=0x0000000000000000 0x0000000000000000
XMM[13]=0x0000000000000000 0x0000000000000000
XMM[14]=0x0000000000000000 0x0000000000000000
XMM[15]=0x0000000000000000 0x0000000000000000
  MXCSR=0x00001fa0


Register to memory mapping:

RAX=0x0000000000000010 is an unknown value
RBX=0x0 is null
RCX=0xffffffffffffffff is an unknown value
RDX=0x007ffefc9b300010 is an unknown value
RSP=0x000000ff063fea50 is pointing into the stack for thread: 0x00000248c5876de0
RBP=0x00000248c14ba510 points into unknown readable memory: 0x0000000718801ed8 | d8 1e 80 18 07 00 00 00
RSI=0x000000ff063febc0 is pointing into the stack for thread: 0x00000248c5876de0
RDI=0x00000248c14ba510 points into unknown readable memory: 0x0000000718801ed8 | d8 1e 80 18 07 00 00 00
R8 =0x0000000000000042 is an unknown value
R9 =0x0000000718801ed8 is an oop: java.lang.Thread 
{0x0000000718801ed8} - klass: 'java/lang/Thread' - flags: 

 - ---- fields (total size 14 words):
 - 'threadLocalRandomProbe' 'I' @12  0 (0x00000000)
 - private volatile 'eetop' 'J' @16  2511574887904 (0x00000248c5876de0)
 - private final 'tid' 'J' @24  3 (0x0000000000000003)
 - 'threadLocalRandomSeed' 'J' @32  0 (0x0000000000000000)
 - injected 'jvmti_thread_state' 'J' @40  2511500732576 (0x00000248c11be8a0)
 - 'threadLocalRandomSecondarySeed' 'I' @48  0 (0x00000000)
 - injected 'jvmti_VTMS_transition_disable_count' 'I' @52  0 (0x00000000)
 - injected 'jfr_epoch' 'S' @56  0 (0x0000)
 - volatile 'interrupted' 'Z' @58  false (0x00)
 - injected 'jvmti_is_in_VTMS_transition' 'Z' @59  false (0x00)
 - private volatile 'name' 'Ljava/lang/String;' @60  "main"{0x0000000718801f48} (0xe31003e9)
 - private volatile 'contextClassLoader' 'Ljava/lang/ClassLoader;' @64  a 'jdk/internal/loader/ClassLoaders$AppClassLoader'{0x0000000718816498} (0xe3102c93)
 - private final 'holder' 'Ljava/lang/Thread$FieldHolder;' @68  a 'java/lang/Thread$FieldHolder'{0x0000000718801f88} (0xe31003f1)
 - 'threadLocals' 'Ljava/lang/ThreadLocal$ThreadLocalMap;' @72  a 'java/lang/ThreadLocal$ThreadLocalMap'{0x0000000718733e58} (0xe30e67cb)
 - 'inheritableThreadLocals' 'Ljava/lang/ThreadLocal$ThreadLocalMap;' @76  null (0x00000000)
 - private 'scopedValueBindings' 'Ljava/lang/Object;' @80  a 'java/lang/Class'{0x00000007ffe7c258} = 'java/lang/Thread' (0xfffcf84b)
 - final 'interruptLock' 'Ljava/lang/Object;' @84  a 'java/lang/Object'{0x0000000718801f78} (0xe31003ef)
 - private volatile 'parkBlocker' 'Ljava/lang/Object;' @88  null (0x00000000)
 - private 'nioBlocker' 'Lsun/nio/ch/Interruptible;' @92  null (0x00000000)
 - private 'cont' 'Ljdk/internal/vm/Continuation;' @96  null (0x00000000)
 - private volatile 'uncaughtExceptionHandler' 'Ljava/lang/Thread$UncaughtExceptionHandler;' @100  null (0x00000000)
 - private 'container' 'Ljdk/internal/vm/ThreadContainer;' @104  null (0x00000000)
 - private volatile 'headStackableScopes' 'Ljdk/internal/vm/StackableScope;' @108  null (0x00000000)
R10=0x00007ffefcc29fb0 jvm.dll
R11=0x0000000000000002 is an unknown value
R12=0x000000ff063febc0 is pointing into the stack for thread: 0x00000248c5876de0
R13=0x00000248c5cfe9e0 points into unknown readable memory: 0x00007ffefcb9a510 | 10 a5 b9 fc fe 7f 00 00
R14=0x00000248c58771a8 points into unknown readable memory: 0x00007ffefcb917b0 | b0 17 b9 fc fe 7f 00 00
R15=0x00000248c58771a8 points into unknown readable memory: 0x00007ffefcb917b0 | b0 17 b9 fc fe 7f 00 00

Top of Stack: (sp=0x000000ff063fea50)
0x000000ff063fea50:   000000ff063febc0 00000248c14ba510   ..?.......K.H...
0x000000ff063fea60:   0000000000000000 00000248c5877530   ........0u..H...
0x000000ff063fea70:   000000000000001d 00007fff862f2b9b   .........+/.....
0x000000ff063fea80:   0000000000000000 00000248c58771a8   .........q..H...
0x000000ff063fea90:   000000ff063feb01 0000000000000000   ..?.............
0x000000ff063feaa0:   00000248c29c9c60 00007fff862f17f4   `...H...../.....
0x000000ff063feab0:   0000000000000000 000000000000001d   ................
0x000000ff063feac0:   0000000000000000 000000000000001d   ................
0x000000ff063fead0:   00000009c5d142a8 00000248c1d4d3e0   .B..........H...
0x000000ff063feae0:   00000248c29c9c60 00000248c29c9cd4   `...H.......H...
0x000000ff063feaf0:   00000248c29c9d08 0000024800004894   ....H....H..H...
0x000000ff063feb00:   0000000000000000 0000000000000000   ................
0x000000ff063feb10:   0000000000000000 00007ffefc3f57d4   .........W?.....
0x000000ff063feb20:   00007fff86434ca0 0000000000004b10   .LC......K......
0x000000ff063feb30:   00007fff86434ca0 00000000ffffffff   .LC.............
0x000000ff063feb40:   0000000000000000 00007fff862f206a   ........j /.....
0x000000ff063feb50:   00000248c58771a8 0000000000000000   .q..H...........
0x000000ff063feb60:   000000ff063febc9 00000248c5cfe9e0   ..?.........H...
0x000000ff063feb70:   00000248c2d03040 00007fff86427080   @0..H....pB.....
0x000000ff063feb80:   00000248c2d03040 00007fffad77e1a9   @0..H.....w.....
0x000000ff063feb90:   00000248c58771a8 00007fff86434ca0   .q..H....LC.....
0x000000ff063feba0:   00007fff863df0d8 00007fff863df0c8   ..=.......=.....
0x000000ff063febb0:   0000000000000000 00000248c58771a8   .........q..H...
0x000000ff063febc0:   00000248c1cceac0 00000248c1ccee60   ....H...`...H...
0x000000ff063febd0:   00000248c1ccee60 00007fff86434ca0   `...H....LC.....
0x000000ff063febe0:   00000248c5d142a8 000000ff063fed58   .B..H...X.?.....
0x000000ff063febf0:   000000ff063fee90 0000000000008840   ..?.....@.......
0x000000ff063fec00:   00007fff86427080 00007fff86434cf0   .pB......LC.....
0x000000ff063fec10:   0000000000989680 0000000000989680   ................
0x000000ff063fec20:   000000ff063fed30 00007fff862ecc21   0.?.....!.......
0x000000ff063fec30:   00007fff86434ca0 00007fff86434cf8   .LC......LC.....
0x000000ff063fec40:   00007fff00000000 003db7d300000001   ..............=.

Instructions: (pc=0x00007fff862f26c4)
  0x00007fff862f25c4:   cc cc cc cc cc cc cc cc cc cc cc cc cc cc cc cc
  0x00007fff862f25d4:   cc cc cc cc cc cc cc cc cc cc cc cc cc cc cc cc
  0x00007fff862f25e4:   cc cc cc cc cc cc cc cc cc cc cc cc cc cc cc cc
  0x00007fff862f25f4:   cc cc cc cc cc cc cc cc cc cc cc cc cc cc cc cc
  0x00007fff862f2604:   cc cc cc cc cc cc cc cc cc cc cc cc cc cc cc cc
  0x00007fff862f2614:   cc cc cc cc cc cc cc cc cc cc cc cc cc cc cc cc
  0x00007fff862f2624:   cc cc cc cc cc cc cc cc cc cc cc cc cc cc cc cc
  0x00007fff862f2634:   cc cc cc cc cc cc cc cc cc cc cc cc cc cc cc cc
  0x00007fff862f2644:   cc cc cc cc cc cc cc cc cc cc cc cc 40 57 48 83
  0x00007fff862f2654:   ec 20 48 8b f9 48 8b 0d 10 28 14 00 48 85 c9 74
  0x00007fff862f2664:   20 48 8b 01 48 8d 54 24 38 41 b8 06 00 01 00 4c
  0x00007fff862f2674:   8b 48 30 41 ff d1 85 c0 75 07 48 8b 4c 24 38 eb
  0x00007fff862f2684:   02 33 c9 4c 8b 05 ea 28 14 00 48 89 5c 24 30 4d
  0x00007fff862f2694:   85 c0 74 4a 48 8b 01 48 8b d7 4c 8b 88 28 03 00
  0x00007fff862f26a4:   00 41 ff d1 48 85 c0 74 35 48 63 0d f8 e6 13 00
  0x00007fff862f26b4:   48 8b 14 01 48 85 d2 74 15 48 63 05 fc e6 13 00
=>0x00007fff862f26c4:   8b 04 10 48 8b 5c 24 30 48 83 c4 20 5f c3 b8 ff
  0x00007fff862f26d4:   ff ff ff 48 8b 5c 24 30 48 83 c4 20 5f c3 80 3d
  0x00007fff862f26e4:   9b 27 14 00 00 bb ff ff ff ff 74 20 4c 8b 0d 31
  0x00007fff862f26f4:   24 14 00 4c 8d 44 24 38 48 8b 0d 15 24 14 00 48
  0x00007fff862f2704:   8b d7 41 ff d1 85 c0 0f 44 5c 24 38 8b c3 48 8b
  0x00007fff862f2714:   5c 24 30 48 83 c4 20 5f c3 cc cc cc cc cc cc cc
  0x00007fff862f2724:   cc cc cc cc cc cc cc cc cc cc cc cc cc cc cc cc
  0x00007fff862f2734:   cc cc cc cc cc cc cc cc cc cc cc cc cc cc cc cc
  0x00007fff862f2744:   cc cc cc cc cc cc cc cc cc cc cc cc 48 89 54 24
  0x00007fff862f2754:   10 53 55 56 57 41 56 41 57 48 83 ec 28 48 8b f2
  0x00007fff862f2764:   4c 8b f1 48 89 4c 24 78 45 33 ff 44 89 7c 24 68
  0x00007fff862f2774:   c7 44 24 60 01 00 00 00 48 8d 4c 24 68 e8 ed 42
  0x00007fff862f2784:   f7 ff 8b d8 48 8d 4c 24 60 e8 e1 42 f7 ff 8b e8
  0x00007fff862f2794:   49 8b ce e8 00 fc f6 ff 48 8b f8 90 8b c3 f0 0f
  0x00007fff862f27a4:   b1 2f 74 04 f3 90 eb f4 4c 89 3e 4c 89 7e 08 4c
  0x00007fff862f27b4:   89 7e 10 49 8b 6e 08 4d 8b 76 10 49 3b ee 0f 84


Stack slot to memory mapping:

stack at sp + 0 slots: 0x000000ff063febc0 is pointing into the stack for thread: 0x00000248c5876de0
stack at sp + 1 slots: 0x00000248c14ba510 points into unknown readable memory: 0x0000000718801ed8 | d8 1e 80 18 07 00 00 00
stack at sp + 2 slots: 0x0 is null
stack at sp + 3 slots: 0x00000248c5877530 points into unknown readable memory: 0x6e616c2e6176616a | 6a 61 76 61 2e 6c 61 6e
stack at sp + 4 slots: 0x000000000000001d is an unknown value
stack at sp + 5 slots: 0x00007fff862f2b9b libasyncProfiler.dll
stack at sp + 6 slots: 0x0 is null
stack at sp + 7 slots: 0x00000248c58771a8 points into unknown readable memory: 0x00007ffefcb917b0 | b0 17 b9 fc fe 7f 00 00

Lock stack of current Java thread (top to bottom):


---------------  P R O C E S S  ---------------

Threads class SMR info:
_java_thread_list=0x00000248c1d2a060, length=18, elements={
0x00000248c5876de0, 0x00000248c11225f0, 0x00000248c5a1c9b0, 0x00000248c5a1d350,
0x00000248c5a1e560, 0x00000248c112d140, 0x00000248c1131c80, 0x00000248c11373b0,
0x00000248c1138740, 0x00000248c111cec0, 0x00000248c12450f0, 0x00000248c1246120,
0x00000248c124d380, 0x00000248c1281cc0, 0x00000248c13f9e70, 0x00000248c14afa90,
0x00000248c1d67290, 0x00000248c2b91770
}

Java Threads: ( => current thread )
=>0x00000248c5876de0 JavaThread "main"                              [_thread_in_native, id=15800, stack(0x000000ff06300000,0x000000ff06400000) (1024K)]
  0x00000248c11225f0 JavaThread "Reference Handler"          daemon [_thread_blocked, id=19244, stack(0x000000ff06b00000,0x000000ff06c00000) (1024K)]
  0x00000248c5a1c9b0 JavaThread "Finalizer"                  daemon [_thread_blocked, id=5424, stack(0x000000ff06c00000,0x000000ff06d00000) (1024K)]
  0x00000248c5a1d350 JavaThread "Signal Dispatcher"          daemon [_thread_blocked, id=5476, stack(0x000000ff06d00000,0x000000ff06e00000) (1024K)]
  0x00000248c5a1e560 JavaThread "Attach Listener"            daemon [_thread_blocked, id=19284, stack(0x000000ff06e00000,0x000000ff06f00000) (1024K)]
  0x00000248c112d140 JavaThread "Service Thread"             daemon [_thread_blocked, id=18156, stack(0x000000ff06f00000,0x000000ff07000000) (1024K)]
  0x00000248c1131c80 JavaThread "Monitor Deflation Thread"   daemon [_thread_blocked, id=5756, stack(0x000000ff07000000,0x000000ff07100000) (1024K)]
  0x00000248c11373b0 JavaThread "C2 CompilerThread0"         daemon [_thread_in_native, id=5192, stack(0x000000ff07100000,0x000000ff07200000) (1024K)]
  0x00000248c1138740 JavaThread "C1 CompilerThread0"         daemon [_thread_blocked, id=18036, stack(0x000000ff07200000,0x000000ff07300000) (1024K)]
  0x00000248c111cec0 JavaThread "C1 CompilerThread1"         daemon [_thread_blocked, id=10124, stack(0x000000ff07300000,0x000000ff07400000) (1024K)]
  0x00000248c12450f0 JavaThread "C1 CompilerThread2"         daemon [_thread_blocked, id=2316, stack(0x000000ff07400000,0x000000ff07500000) (1024K)]
  0x00000248c1246120 JavaThread "C1 CompilerThread3"         daemon [_thread_blocked, id=3932, stack(0x000000ff07500000,0x000000ff07600000) (1024K)]
  0x00000248c124d380 JavaThread "C2 CompilerThread1"         daemon [_thread_blocked, id=944, stack(0x000000ff07600000,0x000000ff07700000) (1024K)]
  0x00000248c1281cc0 JavaThread "C2 CompilerThread2"         daemon [_thread_blocked, id=3600, stack(0x000000ff07700000,0x000000ff07800000) (1024K)]
  0x00000248c13f9e70 JavaThread "Common-Cleaner"             daemon [_thread_blocked, id=3036, stack(0x000000ff07800000,0x000000ff07900000) (1024K)]
  0x00000248c14afa90 JavaThread "Monitor Ctrl-Break"         daemon [_thread_in_native, id=6968, stack(0x000000ff07900000,0x000000ff07a00000) (1024K)]
  0x00000248c1d67290 JavaThread "JFR Recorder Thread"        daemon [_thread_in_native, id=3144, stack(0x000000ff07a00000,0x000000ff07b00000) (1024K)]
  0x00000248c2b91770 JavaThread "JFR Periodic Tasks"         daemon [_thread_blocked, id=18580, stack(0x000000ff07b00000,0x000000ff07c00000) (1024K)]
Total: 18

Other Threads:
  0x00000248c5a0f9b0 VMThread "VM Thread"                           [id=16224, stack(0x000000ff06a00000,0x000000ff06b00000) (1024K)]
  0x00000248c59fcbb0 WatcherThread "VM Periodic Task Thread"        [id=3388, stack(0x000000ff06900000,0x000000ff06a00000) (1024K)]
  0x00000248c58e0140 WorkerThread "GC Thread#0"                     [id=13736, stack(0x000000ff06400000,0x000000ff06500000) (1024K)]
  0x00000248c5911970 ConcurrentGCThread "G1 Main Marker"            [id=17496, stack(0x000000ff06500000,0x000000ff06600000) (1024K)]
  0x00000248c5912480 WorkerThread "G1 Conc#0"                       [id=14768, stack(0x000000ff06600000,0x000000ff06700000) (1024K)]
  0x00000248c59e2940 ConcurrentGCThread "G1 Refine#0"               [id=17276, stack(0x000000ff06700000,0x000000ff06800000) (1024K)]
  0x00000248c59e3260 ConcurrentGCThread "G1 Service"                [id=4600, stack(0x000000ff06800000,0x000000ff06900000) (1024K)]
Total: 7

Threads with active compile tasks:
C2 CompilerThread0  584 1297       4       jdk.jfr.internal.MetadataWriter::write (168 bytes)
Total: 1

VM state: not at safepoint (normal execution)

VM Mutex/Monitor currently owned by a thread: None

Heap address: 0x0000000709200000, size: 3950 MB, Compressed Oops mode: Zero based, Oop shift amount: 3

CDS archive(s) mapped at: [0x0000024880000000-0x0000024880d40000-0x0000024880d40000), size 13893632, SharedBaseAddress: 0x0000024880000000, ArchiveRelocationMode: 1.
Compressed class space mapped at: 0x0000024881000000-0x00000248c1000000, reserved size: 1073741824
UseCompressedClassPointers 1, UseCompactObjectHeaders 0
Narrow klass pointer bits 32, Max shift 3
Narrow klass base: 0x0000024880000000, Narrow klass shift: 0
Encoding Range: [0x0000024880000000 - 0x0000024980000000), (4294967296 bytes)
Klass Range:    [0x0000024880000000 - 0x00000248c1000000), (1090519040 bytes)
Klass ID Range:  [8 - 1090519033) (1090519025)

GC Precious Log:
 CardTable entry size: 512
 Card Set container configuration: InlinePtr #cards 4 size 8 Array Of Cards #cards 16 size 48 Howl #buckets 8 coarsen threshold 3686 Howl Bitmap #cards 512 size 80 coarsen threshold 460 Card regions per heap region 1 cards per card region 4096
 CPUs: 22 total, 22 available
 Memory: 15799M
 Large Page Support: Disabled
 NUMA Support: Disabled
 Compressed Oops: Enabled (Zero based)
 Heap Region Size: 2M
 Heap Min Capacity: 8M
 Heap Initial Capacity: 248M
 Heap Max Capacity: 3950M
 Pre-touch: Disabled
 Parallel Workers: 16
 Concurrent Workers: 4
 Concurrent Refinement Workers: 16
 Periodic GC: Disabled

Heap:
 garbage-first heap   total reserved 4044800K, committed 256000K, used 19568K [0x0000000709200000, 0x0000000800000000)
  region size 2048K, 10 young (20480K), 0 survivors (0K)
 Metaspace       used 3493K, committed 3712K, reserved 1114112K
  class space    used 302K, committed 384K, reserved 1048576K

Heap Regions: E=young(eden), S=young(survivor), O=old, HS=humongous(starts), HC=humongous(continues), CS=collection set, F=free, TAMS=top-at-mark-start, PB=parsable bottom
|   0|0x0000000709200000, 0x0000000709200000, 0x0000000709400000|  0%| F|  |TAMS 0x0000000709200000| PB 0x0000000709200000| Untracked |  0
|   1|0x0000000709400000, 0x0000000709400000, 0x0000000709600000|  0%| F|  |TAMS 0x0000000709400000| PB 0x0000000709400000| Untracked |  0
|   2|0x0000000709600000, 0x0000000709600000, 0x0000000709800000|  0%| F|  |TAMS 0x0000000709600000| PB 0x0000000709600000| Untracked |  0
|   3|0x0000000709800000, 0x0000000709800000, 0x0000000709a00000|  0%| F|  |TAMS 0x0000000709800000| PB 0x0000000709800000| Untracked |  0
|   4|0x0000000709a00000, 0x0000000709a00000, 0x0000000709c00000|  0%| F|  |TAMS 0x0000000709a00000| PB 0x0000000709a00000| Untracked |  0
|   5|0x0000000709c00000, 0x0000000709c00000, 0x0000000709e00000|  0%| F|  |TAMS 0x0000000709c00000| PB 0x0000000709c00000| Untracked |  0
|   6|0x0000000709e00000, 0x0000000709e00000, 0x000000070a000000|  0%| F|  |TAMS 0x0000000709e00000| PB 0x0000000709e00000| Untracked |  0
|   7|0x000000070a000000, 0x000000070a000000, 0x000000070a200000|  0%| F|  |TAMS 0x000000070a000000| PB 0x000000070a000000| Untracked |  0
|   8|0x000000070a200000, 0x000000070a200000, 0x000000070a400000|  0%| F|  |TAMS 0x000000070a200000| PB 0x000000070a200000| Untracked |  0
|   9|0x000000070a400000, 0x000000070a400000, 0x000000070a600000|  0%| F|  |TAMS 0x000000070a400000| PB 0x000000070a400000| Untracked |  0
|  10|0x000000070a600000, 0x000000070a600000, 0x000000070a800000|  0%| F|  |TAMS 0x000000070a600000| PB 0x000000070a600000| Untracked |  0
|  11|0x000000070a800000, 0x000000070a800000, 0x000000070aa00000|  0%| F|  |TAMS 0x000000070a800000| PB 0x000000070a800000| Untracked |  0
|  12|0x000000070aa00000, 0x000000070aa00000, 0x000000070ac00000|  0%| F|  |TAMS 0x000000070aa00000| PB 0x000000070aa00000| Untracked |  0
|  13|0x000000070ac00000, 0x000000070ac00000, 0x000000070ae00000|  0%| F|  |TAMS 0x000000070ac00000| PB 0x000000070ac00000| Untracked |  0
|  14|0x000000070ae00000, 0x000000070ae00000, 0x000000070b000000|  0%| F|  |TAMS 0x000000070ae00000| PB 0x000000070ae00000| Untracked |  0
|  15|0x000000070b000000, 0x000000070b000000, 0x000000070b200000|  0%| F|  |TAMS 0x000000070b000000| PB 0x000000070b000000| Untracked |  0
|  16|0x000000070b200000, 0x000000070b200000, 0x000000070b400000|  0%| F|  |TAMS 0x000000070b200000| PB 0x000000070b200000| Untracked |  0
|  17|0x000000070b400000, 0x000000070b400000, 0x000000070b600000|  0%| F|  |TAMS 0x000000070b400000| PB 0x000000070b400000| Untracked |  0
|  18|0x000000070b600000, 0x000000070b600000, 0x000000070b800000|  0%| F|  |TAMS 0x000000070b600000| PB 0x000000070b600000| Untracked |  0
|  19|0x000000070b800000, 0x000000070b800000, 0x000000070ba00000|  0%| F|  |TAMS 0x000000070b800000| PB 0x000000070b800000| Untracked |  0
|  20|0x000000070ba00000, 0x000000070ba00000, 0x000000070bc00000|  0%| F|  |TAMS 0x000000070ba00000| PB 0x000000070ba00000| Untracked |  0
|  21|0x000000070bc00000, 0x000000070bc00000, 0x000000070be00000|  0%| F|  |TAMS 0x000000070bc00000| PB 0x000000070bc00000| Untracked |  0
|  22|0x000000070be00000, 0x000000070be00000, 0x000000070c000000|  0%| F|  |TAMS 0x000000070be00000| PB 0x000000070be00000| Untracked |  0
|  23|0x000000070c000000, 0x000000070c000000, 0x000000070c200000|  0%| F|  |TAMS 0x000000070c000000| PB 0x000000070c000000| Untracked |  0
|  24|0x000000070c200000, 0x000000070c200000, 0x000000070c400000|  0%| F|  |TAMS 0x000000070c200000| PB 0x000000070c200000| Untracked |  0
|  25|0x000000070c400000, 0x000000070c400000, 0x000000070c600000|  0%| F|  |TAMS 0x000000070c400000| PB 0x000000070c400000| Untracked |  0
|  26|0x000000070c600000, 0x000000070c600000, 0x000000070c800000|  0%| F|  |TAMS 0x000000070c600000| PB 0x000000070c600000| Untracked |  0
|  27|0x000000070c800000, 0x000000070c800000, 0x000000070ca00000|  0%| F|  |TAMS 0x000000070c800000| PB 0x000000070c800000| Untracked |  0
|  28|0x000000070ca00000, 0x000000070ca00000, 0x000000070cc00000|  0%| F|  |TAMS 0x000000070ca00000| PB 0x000000070ca00000| Untracked |  0
|  29|0x000000070cc00000, 0x000000070cc00000, 0x000000070ce00000|  0%| F|  |TAMS 0x000000070cc00000| PB 0x000000070cc00000| Untracked |  0
|  30|0x000000070ce00000, 0x000000070ce00000, 0x000000070d000000|  0%| F|  |TAMS 0x000000070ce00000| PB 0x000000070ce00000| Untracked |  0
|  31|0x000000070d000000, 0x000000070d000000, 0x000000070d200000|  0%| F|  |TAMS 0x000000070d000000| PB 0x000000070d000000| Untracked |  0
|  32|0x000000070d200000, 0x000000070d200000, 0x000000070d400000|  0%| F|  |TAMS 0x000000070d200000| PB 0x000000070d200000| Untracked |  0
|  33|0x000000070d400000, 0x000000070d400000, 0x000000070d600000|  0%| F|  |TAMS 0x000000070d400000| PB 0x000000070d400000| Untracked |  0
|  34|0x000000070d600000, 0x000000070d600000, 0x000000070d800000|  0%| F|  |TAMS 0x000000070d600000| PB 0x000000070d600000| Untracked |  0
|  35|0x000000070d800000, 0x000000070d800000, 0x000000070da00000|  0%| F|  |TAMS 0x000000070d800000| PB 0x000000070d800000| Untracked |  0
|  36|0x000000070da00000, 0x000000070da00000, 0x000000070dc00000|  0%| F|  |TAMS 0x000000070da00000| PB 0x000000070da00000| Untracked |  0
|  37|0x000000070dc00000, 0x000000070dc00000, 0x000000070de00000|  0%| F|  |TAMS 0x000000070dc00000| PB 0x000000070dc00000| Untracked |  0
|  38|0x000000070de00000, 0x000000070de00000, 0x000000070e000000|  0%| F|  |TAMS 0x000000070de00000| PB 0x000000070de00000| Untracked |  0
|  39|0x000000070e000000, 0x000000070e000000, 0x000000070e200000|  0%| F|  |TAMS 0x000000070e000000| PB 0x000000070e000000| Untracked |  0
|  40|0x000000070e200000, 0x000000070e200000, 0x000000070e400000|  0%| F|  |TAMS 0x000000070e200000| PB 0x000000070e200000| Untracked |  0
|  41|0x000000070e400000, 0x000000070e400000, 0x000000070e600000|  0%| F|  |TAMS 0x000000070e400000| PB 0x000000070e400000| Untracked |  0
|  42|0x000000070e600000, 0x000000070e600000, 0x000000070e800000|  0%| F|  |TAMS 0x000000070e600000| PB 0x000000070e600000| Untracked |  0
|  43|0x000000070e800000, 0x000000070e800000, 0x000000070ea00000|  0%| F|  |TAMS 0x000000070e800000| PB 0x000000070e800000| Untracked |  0
|  44|0x000000070ea00000, 0x000000070ea00000, 0x000000070ec00000|  0%| F|  |TAMS 0x000000070ea00000| PB 0x000000070ea00000| Untracked |  0
|  45|0x000000070ec00000, 0x000000070ec00000, 0x000000070ee00000|  0%| F|  |TAMS 0x000000070ec00000| PB 0x000000070ec00000| Untracked |  0
|  46|0x000000070ee00000, 0x000000070ee00000, 0x000000070f000000|  0%| F|  |TAMS 0x000000070ee00000| PB 0x000000070ee00000| Untracked |  0
|  47|0x000000070f000000, 0x000000070f000000, 0x000000070f200000|  0%| F|  |TAMS 0x000000070f000000| PB 0x000000070f000000| Untracked |  0
|  48|0x000000070f200000, 0x000000070f200000, 0x000000070f400000|  0%| F|  |TAMS 0x000000070f200000| PB 0x000000070f200000| Untracked |  0
|  49|0x000000070f400000, 0x000000070f400000, 0x000000070f600000|  0%| F|  |TAMS 0x000000070f400000| PB 0x000000070f400000| Untracked |  0
|  50|0x000000070f600000, 0x000000070f600000, 0x000000070f800000|  0%| F|  |TAMS 0x000000070f600000| PB 0x000000070f600000| Untracked |  0
|  51|0x000000070f800000, 0x000000070f800000, 0x000000070fa00000|  0%| F|  |TAMS 0x000000070f800000| PB 0x000000070f800000| Untracked |  0
|  52|0x000000070fa00000, 0x000000070fa00000, 0x000000070fc00000|  0%| F|  |TAMS 0x000000070fa00000| PB 0x000000070fa00000| Untracked |  0
|  53|0x000000070fc00000, 0x000000070fc00000, 0x000000070fe00000|  0%| F|  |TAMS 0x000000070fc00000| PB 0x000000070fc00000| Untracked |  0
|  54|0x000000070fe00000, 0x000000070fe00000, 0x0000000710000000|  0%| F|  |TAMS 0x000000070fe00000| PB 0x000000070fe00000| Untracked |  0
|  55|0x0000000710000000, 0x0000000710000000, 0x0000000710200000|  0%| F|  |TAMS 0x0000000710000000| PB 0x0000000710000000| Untracked |  0
|  56|0x0000000710200000, 0x0000000710200000, 0x0000000710400000|  0%| F|  |TAMS 0x0000000710200000| PB 0x0000000710200000| Untracked |  0
|  57|0x0000000710400000, 0x0000000710400000, 0x0000000710600000|  0%| F|  |TAMS 0x0000000710400000| PB 0x0000000710400000| Untracked |  0
|  58|0x0000000710600000, 0x0000000710600000, 0x0000000710800000|  0%| F|  |TAMS 0x0000000710600000| PB 0x0000000710600000| Untracked |  0
|  59|0x0000000710800000, 0x0000000710800000, 0x0000000710a00000|  0%| F|  |TAMS 0x0000000710800000| PB 0x0000000710800000| Untracked |  0
|  60|0x0000000710a00000, 0x0000000710a00000, 0x0000000710c00000|  0%| F|  |TAMS 0x0000000710a00000| PB 0x0000000710a00000| Untracked |  0
|  61|0x0000000710c00000, 0x0000000710c00000, 0x0000000710e00000|  0%| F|  |TAMS 0x0000000710c00000| PB 0x0000000710c00000| Untracked |  0
|  62|0x0000000710e00000, 0x0000000710e00000, 0x0000000711000000|  0%| F|  |TAMS 0x0000000710e00000| PB 0x0000000710e00000| Untracked |  0
|  63|0x0000000711000000, 0x0000000711000000, 0x0000000711200000|  0%| F|  |TAMS 0x0000000711000000| PB 0x0000000711000000| Untracked |  0
|  64|0x0000000711200000, 0x0000000711200000, 0x0000000711400000|  0%| F|  |TAMS 0x0000000711200000| PB 0x0000000711200000| Untracked |  0
|  65|0x0000000711400000, 0x0000000711400000, 0x0000000711600000|  0%| F|  |TAMS 0x0000000711400000| PB 0x0000000711400000| Untracked |  0
|  66|0x0000000711600000, 0x0000000711600000, 0x0000000711800000|  0%| F|  |TAMS 0x0000000711600000| PB 0x0000000711600000| Untracked |  0
|  67|0x0000000711800000, 0x0000000711800000, 0x0000000711a00000|  0%| F|  |TAMS 0x0000000711800000| PB 0x0000000711800000| Untracked |  0
|  68|0x0000000711a00000, 0x0000000711a00000, 0x0000000711c00000|  0%| F|  |TAMS 0x0000000711a00000| PB 0x0000000711a00000| Untracked |  0
|  69|0x0000000711c00000, 0x0000000711c00000, 0x0000000711e00000|  0%| F|  |TAMS 0x0000000711c00000| PB 0x0000000711c00000| Untracked |  0
|  70|0x0000000711e00000, 0x0000000711e00000, 0x0000000712000000|  0%| F|  |TAMS 0x0000000711e00000| PB 0x0000000711e00000| Untracked |  0
|  71|0x0000000712000000, 0x0000000712000000, 0x0000000712200000|  0%| F|  |TAMS 0x0000000712000000| PB 0x0000000712000000| Untracked |  0
|  72|0x0000000712200000, 0x0000000712200000, 0x0000000712400000|  0%| F|  |TAMS 0x0000000712200000| PB 0x0000000712200000| Untracked |  0
|  73|0x0000000712400000, 0x0000000712400000, 0x0000000712600000|  0%| F|  |TAMS 0x0000000712400000| PB 0x0000000712400000| Untracked |  0
|  74|0x0000000712600000, 0x0000000712600000, 0x0000000712800000|  0%| F|  |TAMS 0x0000000712600000| PB 0x0000000712600000| Untracked |  0
|  75|0x0000000712800000, 0x0000000712800000, 0x0000000712a00000|  0%| F|  |TAMS 0x0000000712800000| PB 0x0000000712800000| Untracked |  0
|  76|0x0000000712a00000, 0x0000000712a00000, 0x0000000712c00000|  0%| F|  |TAMS 0x0000000712a00000| PB 0x0000000712a00000| Untracked |  0
|  77|0x0000000712c00000, 0x0000000712c00000, 0x0000000712e00000|  0%| F|  |TAMS 0x0000000712c00000| PB 0x0000000712c00000| Untracked |  0
|  78|0x0000000712e00000, 0x0000000712e00000, 0x0000000713000000|  0%| F|  |TAMS 0x0000000712e00000| PB 0x0000000712e00000| Untracked |  0
|  79|0x0000000713000000, 0x0000000713000000, 0x0000000713200000|  0%| F|  |TAMS 0x0000000713000000| PB 0x0000000713000000| Untracked |  0
|  80|0x0000000713200000, 0x0000000713200000, 0x0000000713400000|  0%| F|  |TAMS 0x0000000713200000| PB 0x0000000713200000| Untracked |  0
|  81|0x0000000713400000, 0x0000000713400000, 0x0000000713600000|  0%| F|  |TAMS 0x0000000713400000| PB 0x0000000713400000| Untracked |  0
|  82|0x0000000713600000, 0x0000000713600000, 0x0000000713800000|  0%| F|  |TAMS 0x0000000713600000| PB 0x0000000713600000| Untracked |  0
|  83|0x0000000713800000, 0x0000000713800000, 0x0000000713a00000|  0%| F|  |TAMS 0x0000000713800000| PB 0x0000000713800000| Untracked |  0
|  84|0x0000000713a00000, 0x0000000713a00000, 0x0000000713c00000|  0%| F|  |TAMS 0x0000000713a00000| PB 0x0000000713a00000| Untracked |  0
|  85|0x0000000713c00000, 0x0000000713c00000, 0x0000000713e00000|  0%| F|  |TAMS 0x0000000713c00000| PB 0x0000000713c00000| Untracked |  0
|  86|0x0000000713e00000, 0x0000000713e00000, 0x0000000714000000|  0%| F|  |TAMS 0x0000000713e00000| PB 0x0000000713e00000| Untracked |  0
|  87|0x0000000714000000, 0x0000000714000000, 0x0000000714200000|  0%| F|  |TAMS 0x0000000714000000| PB 0x0000000714000000| Untracked |  0
|  88|0x0000000714200000, 0x0000000714200000, 0x0000000714400000|  0%| F|  |TAMS 0x0000000714200000| PB 0x0000000714200000| Untracked |  0
|  89|0x0000000714400000, 0x0000000714400000, 0x0000000714600000|  0%| F|  |TAMS 0x0000000714400000| PB 0x0000000714400000| Untracked |  0
|  90|0x0000000714600000, 0x0000000714600000, 0x0000000714800000|  0%| F|  |TAMS 0x0000000714600000| PB 0x0000000714600000| Untracked |  0
|  91|0x0000000714800000, 0x0000000714800000, 0x0000000714a00000|  0%| F|  |TAMS 0x0000000714800000| PB 0x0000000714800000| Untracked |  0
|  92|0x0000000714a00000, 0x0000000714a00000, 0x0000000714c00000|  0%| F|  |TAMS 0x0000000714a00000| PB 0x0000000714a00000| Untracked |  0
|  93|0x0000000714c00000, 0x0000000714c00000, 0x0000000714e00000|  0%| F|  |TAMS 0x0000000714c00000| PB 0x0000000714c00000| Untracked |  0
|  94|0x0000000714e00000, 0x0000000714e00000, 0x0000000715000000|  0%| F|  |TAMS 0x0000000714e00000| PB 0x0000000714e00000| Untracked |  0
|  95|0x0000000715000000, 0x0000000715000000, 0x0000000715200000|  0%| F|  |TAMS 0x0000000715000000| PB 0x0000000715000000| Untracked |  0
|  96|0x0000000715200000, 0x0000000715200000, 0x0000000715400000|  0%| F|  |TAMS 0x0000000715200000| PB 0x0000000715200000| Untracked |  0
|  97|0x0000000715400000, 0x0000000715400000, 0x0000000715600000|  0%| F|  |TAMS 0x0000000715400000| PB 0x0000000715400000| Untracked |  0
|  98|0x0000000715600000, 0x0000000715600000, 0x0000000715800000|  0%| F|  |TAMS 0x0000000715600000| PB 0x0000000715600000| Untracked |  0
|  99|0x0000000715800000, 0x0000000715800000, 0x0000000715a00000|  0%| F|  |TAMS 0x0000000715800000| PB 0x0000000715800000| Untracked |  0
| 100|0x0000000715a00000, 0x0000000715a00000, 0x0000000715c00000|  0%| F|  |TAMS 0x0000000715a00000| PB 0x0000000715a00000| Untracked |  0
| 101|0x0000000715c00000, 0x0000000715c00000, 0x0000000715e00000|  0%| F|  |TAMS 0x0000000715c00000| PB 0x0000000715c00000| Untracked |  0
| 102|0x0000000715e00000, 0x0000000715e00000, 0x0000000716000000|  0%| F|  |TAMS 0x0000000715e00000| PB 0x0000000715e00000| Untracked |  0
| 103|0x0000000716000000, 0x0000000716000000, 0x0000000716200000|  0%| F|  |TAMS 0x0000000716000000| PB 0x0000000716000000| Untracked |  0
| 104|0x0000000716200000, 0x0000000716200000, 0x0000000716400000|  0%| F|  |TAMS 0x0000000716200000| PB 0x0000000716200000| Untracked |  0
| 105|0x0000000716400000, 0x0000000716400000, 0x0000000716600000|  0%| F|  |TAMS 0x0000000716400000| PB 0x0000000716400000| Untracked |  0
| 106|0x0000000716600000, 0x0000000716600000, 0x0000000716800000|  0%| F|  |TAMS 0x0000000716600000| PB 0x0000000716600000| Untracked |  0
| 107|0x0000000716800000, 0x0000000716800000, 0x0000000716a00000|  0%| F|  |TAMS 0x0000000716800000| PB 0x0000000716800000| Untracked |  0
| 108|0x0000000716a00000, 0x0000000716a00000, 0x0000000716c00000|  0%| F|  |TAMS 0x0000000716a00000| PB 0x0000000716a00000| Untracked |  0
| 109|0x0000000716c00000, 0x0000000716c00000, 0x0000000716e00000|  0%| F|  |TAMS 0x0000000716c00000| PB 0x0000000716c00000| Untracked |  0
| 110|0x0000000716e00000, 0x0000000716e00000, 0x0000000717000000|  0%| F|  |TAMS 0x0000000716e00000| PB 0x0000000716e00000| Untracked |  0
| 111|0x0000000717000000, 0x0000000717000000, 0x0000000717200000|  0%| F|  |TAMS 0x0000000717000000| PB 0x0000000717000000| Untracked |  0
| 112|0x0000000717200000, 0x0000000717200000, 0x0000000717400000|  0%| F|  |TAMS 0x0000000717200000| PB 0x0000000717200000| Untracked |  0
| 113|0x0000000717400000, 0x0000000717400000, 0x0000000717600000|  0%| F|  |TAMS 0x0000000717400000| PB 0x0000000717400000| Untracked |  0
| 114|0x0000000717600000, 0x000000071771cd58, 0x0000000717800000| 55%| E|  |TAMS 0x0000000717600000| PB 0x0000000717600000| Complete |  0
| 115|0x0000000717800000, 0x0000000717a00000, 0x0000000717a00000|100%| E|CS|TAMS 0x0000000717800000| PB 0x0000000717800000| Complete |  0
| 116|0x0000000717a00000, 0x0000000717c00000, 0x0000000717c00000|100%| E|CS|TAMS 0x0000000717a00000| PB 0x0000000717a00000| Complete |  0
| 117|0x0000000717c00000, 0x0000000717e00000, 0x0000000717e00000|100%| E|CS|TAMS 0x0000000717c00000| PB 0x0000000717c00000| Complete |  0
| 118|0x0000000717e00000, 0x0000000718000000, 0x0000000718000000|100%| E|CS|TAMS 0x0000000717e00000| PB 0x0000000717e00000| Complete |  0
| 119|0x0000000718000000, 0x0000000718200000, 0x0000000718200000|100%| E|CS|TAMS 0x0000000718000000| PB 0x0000000718000000| Complete |  0
| 120|0x0000000718200000, 0x0000000718400000, 0x0000000718400000|100%| E|CS|TAMS 0x0000000718200000| PB 0x0000000718200000| Complete |  0
| 121|0x0000000718400000, 0x0000000718600000, 0x0000000718600000|100%| E|CS|TAMS 0x0000000718400000| PB 0x0000000718400000| Complete |  0
| 122|0x0000000718600000, 0x0000000718800000, 0x0000000718800000|100%| E|CS|TAMS 0x0000000718600000| PB 0x0000000718600000| Complete |  0
| 123|0x0000000718800000, 0x0000000718a00000, 0x0000000718a00000|100%| E|CS|TAMS 0x0000000718800000| PB 0x0000000718800000| Complete |  0
|1974|0x00000007ffe00000, 0x00000007fff1c288, 0x0000000800000000| 55%| O|  |TAMS 0x00000007ffe00000| PB 0x00000007ffe00000| Untracked |  0

Card table byte_map: [0x00000248df680000,0x00000248dfe40000] _byte_map_base: 0x00000248dbe37000

Marking Bits: (CMBitMap*) 0x00000248c58e0850
 Bits: [0x00000248dfe40000, 0x00000248e3bf8000)

Polling page: 0x00000248c3ab0000

Metaspace:

Usage:
  Non-class:      3.12 MB used.
      Class:    302.17 KB used.
       Both:      3.41 MB used.

Virtual space:
  Non-class space:       64.00 MB reserved,       3.25 MB (  5%) committed,  1 nodes.
      Class space:        1.00 GB reserved,     384.00 KB ( <1%) committed,  1 nodes.
             Both:        1.06 GB reserved,       3.62 MB ( <1%) committed. 

Chunk freelists:
   Non-Class:  11.93 MB
       Class:  15.59 MB
        Both:  27.51 MB

MaxMetaspaceSize: unlimited
CompressedClassSpaceSize: 1.00 GB
Initial GC threshold: 21.00 MB
Current GC threshold: 21.00 MB
CDS: on
 - commit_granule_bytes: 65536.
 - commit_granule_words: 8192.
 - virtual_space_node_default_size: 8388608.
 - enlarge_chunks_in_place: 1.
UseCompressedClassPointers 1, UseCompactObjectHeaders 0
Narrow klass pointer bits 32, Max shift 3
Narrow klass base: 0x0000024880000000, Narrow klass shift: 0
Encoding Range: [0x0000024880000000 - 0x0000024980000000), (4294967296 bytes)
Klass Range:    [0x0000024880000000 - 0x00000248c1000000), (1090519040 bytes)
Klass ID Range:  [8 - 1090519033) (1090519025)


Internal statistics:

num_allocs_failed_limit: 0.
num_arena_births: 68.
num_arena_deaths: 0.
num_vsnodes_births: 2.
num_vsnodes_deaths: 0.
num_space_committed: 58.
num_space_uncommitted: 0.
num_chunks_returned_to_freelist: 0.
num_chunks_taken_from_freelist: 73.
num_chunk_merges: 0.
num_chunk_splits: 52.
num_chunks_enlarged: 33.
num_inconsistent_stats: 0.

CodeHeap 'non-profiled nmethods': size=119232Kb used=380Kb max_used=380Kb free=118851Kb
 bounds [0x00000248d6930000, 0x00000248d6ba0000, 0x00000248ddda0000]
CodeHeap 'profiled nmethods': size=119104Kb used=1956Kb max_used=1956Kb free=117147Kb
 bounds [0x00000248ceda0000, 0x00000248cf010000, 0x00000248d61f0000]
CodeHeap 'non-nmethods': size=7424Kb used=2962Kb max_used=2991Kb free=4461Kb
 bounds [0x00000248d61f0000, 0x00000248d64f0000, 0x00000248d6930000]
CodeCache: size=245760Kb, used=5298Kb, max_used=5327Kb, free=240459Kb
 total_blobs=1776, nmethods=1332, adapters=347, full_count=0
Compilation: enabled, stopped_count=0, restarted_count=0

Compilation events (20 events):
Event: 0.468 Thread 0x00000248c1138740 1328       3       java.lang.String::endsWith (15 bytes)
Event: 0.468 Thread 0x00000248c12450f0 1329       3       java.lang.StringLatin1::getChar (9 bytes)
Event: 0.468 Thread 0x00000248c12450f0 nmethod 1329 0x00000248cef85208 code [0x00000248cef85320, 0x00000248cef85440]
Event: 0.468 Thread 0x00000248c1138740 nmethod 1328 0x00000248cef85508 code [0x00000248cef85660, 0x00000248cef85c28]
Event: 0.468 Thread 0x00000248c1246120 nmethod 1327 0x00000248cef85c88 code [0x00000248cef85ea0, 0x00000248cef86ea0]
Event: 0.469 Thread 0x00000248c111cec0 nmethod 1324 0x00000248cef86f08 code [0x00000248cef871a0, 0x00000248cef88620]
Event: 0.469 Thread 0x00000248c124d380 nmethod 1294 0x00000248d698cf08 code [0x00000248d698d060, 0x00000248d698d5d0]
Event: 0.469 Thread 0x00000248c124d380 1318       4       java.util.HashMap$HashIterator::nextNode (100 bytes)
Event: 0.470 Thread 0x00000248c111cec0 1330       1       jdk.jfr.internal.periodic.EventTask::getEventType (5 bytes)
Event: 0.470 Thread 0x00000248c111cec0 nmethod 1330 0x00000248d698d688 code [0x00000248d698d780, 0x00000248d698d848]
Event: 0.470 Thread 0x00000248c12450f0 1331       1       jdk.jfr.internal.periodic.PeriodicTask::getPeriod (5 bytes)
Event: 0.470 Thread 0x00000248c1246120 1332       3       java.util.Comparator$$Lambda/0x0000024881073810::compare (10 bytes)
Event: 0.470 Thread 0x00000248c1138740 1333       3       java.util.Comparator::lambda$comparingLong$6043328a$1 (18 bytes)
Event: 0.470 Thread 0x00000248c12450f0 nmethod 1331 0x00000248d698d988 code [0x00000248d698da80, 0x00000248d698db48]
Event: 0.471 Thread 0x00000248c1138740 nmethod 1333 0x00000248cef88708 code [0x00000248cef88860, 0x00000248cef88c58]
Event: 0.471 Thread 0x00000248c1246120 nmethod 1332 0x00000248cef88c88 code [0x00000248cef88de0, 0x00000248cef89270]
Event: 0.472 Thread 0x00000248c124d380 nmethod 1318 0x00000248d698dc88 code [0x00000248d698dda0, 0x00000248d698e3a8]
Event: 0.472 Thread 0x00000248c124d380 1300       4       java.util.LinkedHashMap::linkNodeAtEnd (76 bytes)
Event: 0.472 Thread 0x00000248c124d380 nmethod 1300 0x00000248d698e408 code [0x00000248d698e520, 0x00000248d698ea48]
Event: 0.474 Thread 0x00000248c1281cc0 nmethod 1309 0x00000248d698ea88 code [0x00000248d698eba0, 0x00000248d698f118]

GC Heap History (0 events):
No events

Dll operation events (9 events):
Event: 0.096 Loaded shared library C:\Users\starh\.jdks\openjdk-24.0.1\bin\java.dll
Event: 0.127 Loaded shared library C:\Users\starh\.jdks\openjdk-24.0.1\bin\jsvml.dll
Event: 0.163 Loaded shared library C:\Users\starh\.jdks\openjdk-24.0.1\bin\zip.dll
Event: 0.165 Loaded shared library C:\Users\starh\.jdks\openjdk-24.0.1\bin\instrument.dll
Event: 0.172 Loaded shared library C:\Users\starh\.jdks\openjdk-24.0.1\bin\net.dll
Event: 0.174 Loaded shared library C:\Users\starh\.jdks\openjdk-24.0.1\bin\nio.dll
Event: 0.180 Loaded shared library C:\Users\starh\.jdks\openjdk-24.0.1\bin\zip.dll
Event: 0.204 Loaded shared library C:\Users\starh\.jdks\openjdk-24.0.1\bin\extnet.dll
Event: 0.254 Loaded shared library C:\Users\starh\.jdks\openjdk-24.0.1\bin\jimage.dll

Deoptimization events (20 events):
Event: 0.438 Thread 0x00000248c5876de0 Uncommon trap: trap_request=0xffffffd6 fr.pc=0x00000248d6980220 relative=0x00000000000006c0
Event: 0.438 Thread 0x00000248c5876de0 Uncommon trap: reason=array_check action=maybe_recompile pc=0x00000248d6980220 method=jdk.internal.classfile.impl.SplitConstantPool.internalAdd(Ljava/lang/classfile/constantpool/PoolEntry;I)Ljava/lang/classfile/constantpool/PoolEntry; @ 46 c2
Event: 0.438 Thread 0x00000248c5876de0 DEOPT PACKING pc=0x00000248d6980220 sp=0x000000ff063fd400
Event: 0.438 Thread 0x00000248c5876de0 DEOPT UNPACKING pc=0x00000248d6306b82 sp=0x000000ff063fd3b0 mode 2
Event: 0.438 Thread 0x00000248c5876de0 Uncommon trap: trap_request=0xffffffd6 fr.pc=0x00000248d6980220 relative=0x00000000000006c0
Event: 0.438 Thread 0x00000248c5876de0 Uncommon trap: reason=array_check action=maybe_recompile pc=0x00000248d6980220 method=jdk.internal.classfile.impl.SplitConstantPool.internalAdd(Ljava/lang/classfile/constantpool/PoolEntry;I)Ljava/lang/classfile/constantpool/PoolEntry; @ 46 c2
Event: 0.438 Thread 0x00000248c5876de0 DEOPT PACKING pc=0x00000248d6980220 sp=0x000000ff063fd270
Event: 0.438 Thread 0x00000248c5876de0 DEOPT UNPACKING pc=0x00000248d6306b82 sp=0x000000ff063fd220 mode 2
Event: 0.438 Thread 0x00000248c5876de0 Uncommon trap: trap_request=0xffffffd6 fr.pc=0x00000248d6980220 relative=0x00000000000006c0
Event: 0.438 Thread 0x00000248c5876de0 Uncommon trap: reason=array_check action=maybe_recompile pc=0x00000248d6980220 method=jdk.internal.classfile.impl.SplitConstantPool.internalAdd(Ljava/lang/classfile/constantpool/PoolEntry;I)Ljava/lang/classfile/constantpool/PoolEntry; @ 46 c2
Event: 0.438 Thread 0x00000248c5876de0 DEOPT PACKING pc=0x00000248d6980220 sp=0x000000ff063fd250
Event: 0.438 Thread 0x00000248c5876de0 DEOPT UNPACKING pc=0x00000248d6306b82 sp=0x000000ff063fd200 mode 2
Event: 0.456 Thread 0x00000248c5876de0 Uncommon trap: trap_request=0xffffff4d fr.pc=0x00000248d6985d1c relative=0x00000000000003fc
Event: 0.456 Thread 0x00000248c5876de0 Uncommon trap: reason=unstable_if action=reinterpret pc=0x00000248d6985d1c method=java.io.ByteArrayOutputStream.ensureCapacity(I)V @ 11 c2
Event: 0.456 Thread 0x00000248c5876de0 DEOPT PACKING pc=0x00000248d6985d1c sp=0x000000ff063fe150
Event: 0.456 Thread 0x00000248c5876de0 DEOPT UNPACKING pc=0x00000248d6306b82 sp=0x000000ff063fe040 mode 2
Event: 0.459 Thread 0x00000248c5876de0 Uncommon trap: trap_request=0xffffff4d fr.pc=0x00000248d69850bc relative=0x000000000000021c
Event: 0.459 Thread 0x00000248c5876de0 Uncommon trap: reason=unstable_if action=reinterpret pc=0x00000248d69850bc method=java.io.ByteArrayOutputStream.ensureCapacity(I)V @ 11 c2
Event: 0.459 Thread 0x00000248c5876de0 DEOPT PACKING pc=0x00000248d69850bc sp=0x000000ff063fe020
Event: 0.459 Thread 0x00000248c5876de0 DEOPT UNPACKING pc=0x00000248d6306b82 sp=0x000000ff063fdf68 mode 2

Classes loaded (20 events):
Event: 0.441 Loading class jdk/jfr/internal/MetadataWriter
Event: 0.441 Loading class jdk/jfr/internal/MetadataWriter done
Event: 0.442 Loading class jdk/jfr/internal/MetadataDescriptor$Element
Event: 0.442 Loading class jdk/jfr/internal/MetadataDescriptor$Element done
Event: 0.442 Loading class jdk/jfr/internal/MetadataDescriptor$Attribute
Event: 0.442 Loading class jdk/jfr/internal/MetadataDescriptor$Attribute done
Event: 0.450 Loading class jdk/jfr/internal/consumer/StringParser$Encoding
Event: 0.450 Loading class jdk/jfr/internal/consumer/StringParser$Encoding done
Event: 0.462 Loading class jdk/jfr/internal/consumer/RepositoryFiles
Event: 0.462 Loading class jdk/jfr/internal/consumer/RepositoryFiles done
Event: 0.464 Loading class jdk/jfr/internal/SettingsManager$InternalSetting
Event: 0.464 Loading class jdk/jfr/internal/SettingsManager$InternalSetting done
Event: 0.465 Loading class jdk/jfr/internal/util/Rate
Event: 0.466 Loading class jdk/jfr/internal/util/Rate done
Event: 0.466 Loading class jdk/jfr/internal/util/TimespanUnit
Event: 0.466 Loading class jdk/jfr/internal/util/TimespanUnit done
Event: 0.466 Loading class jdk/jfr/internal/util/ValueParser
Event: 0.466 Loading class jdk/jfr/internal/util/ValueParser done
Event: 0.468 Loading class jdk/jfr/internal/periodic/PeriodicType
Event: 0.468 Loading class jdk/jfr/internal/periodic/PeriodicType done

Classes unloaded (0 events):
No events

Classes redefined (0 events):
No events

Internal exceptions (18 events):
Event: 0.181 Thread 0x00000248c5876de0 Exception <a 'java/lang/NoSuchMethodError'{0x000000071873c4a0}: 'void java.lang.invoke.DirectMethodHandle$Holder.invokeStatic(java.lang.Object, java.lang.Object, java.lang.Object)'> (0x000000071873c4a0) 
thrown [s\open\src\hotspot\share\interpreter\linkResolver.cpp, line 805]
Event: 0.190 Thread 0x00000248c5876de0 Exception <a 'java/lang/NoSuchMethodError'{0x0000000718771060}: 'java.lang.Object java.lang.invoke.Invokers$Holder.invokeExact_MT(java.lang.Object, java.lang.Object, java.lang.Object, java.lang.Object, java.lang.Object)'> (0x0000000718771060) 
thrown [s\open\src\hotspot\share\interpreter\linkResolver.cpp, line 805]
Event: 0.200 Thread 0x00000248c5876de0 Exception <a 'java/lang/NoSuchMethodError'{0x00000007187820b0}: 'java.lang.Object java.lang.invoke.DirectMethodHandle$Holder.invokeStaticInit(java.lang.Object, java.lang.Object, java.lang.Object)'> (0x00000007187820b0) 
thrown [s\open\src\hotspot\share\interpreter\linkResolver.cpp, line 805]
Event: 0.202 Thread 0x00000248c14afa90 Exception <a 'java/lang/NoSuchMethodError'{0x00000007187f12d8}: 'java.lang.Object java.lang.invoke.DirectMethodHandle$Holder.invokeStaticInit(java.lang.Object)'> (0x00000007187f12d8) 
thrown [s\open\src\hotspot\share\interpreter\linkResolver.cpp, line 805]
Event: 0.206 Thread 0x00000248c14afa90 Exception <a 'java/lang/NoSuchMethodError'{0x00000007187fbf08}: 'void java.lang.invoke.DirectMethodHandle$Holder.invokeStatic(java.lang.Object, java.lang.Object)'> (0x00000007187fbf08) 
thrown [s\open\src\hotspot\share\interpreter\linkResolver.cpp, line 805]
Event: 0.273 Thread 0x00000248c5876de0 Exception <a 'java/lang/NoSuchMethodError'{0x000000071828c800}: 'void java.lang.invoke.DirectMethodHandle$Holder.invokeStaticInit(java.lang.Object)'> (0x000000071828c800) 
thrown [s\open\src\hotspot\share\interpreter\linkResolver.cpp, line 805]
Event: 0.288 Thread 0x00000248c5876de0 Exception <a 'java/lang/NoSuchMethodError'{0x00000007182fdaf8}: 'void java.lang.invoke.DirectMethodHandle$Holder.invokeSpecial(java.lang.Object, java.lang.Object, java.lang.Object)'> (0x00000007182fdaf8) 
thrown [s\open\src\hotspot\share\interpreter\linkResolver.cpp, line 805]
Event: 0.300 Thread 0x00000248c5876de0 Exception <a 'java/lang/NoSuchMethodError'{0x00000007183650d8}: 'java.lang.Object java.lang.invoke.DirectMethodHandle$Holder.newInvokeSpecial(java.lang.Object, java.lang.Object, java.lang.Object, java.lang.Object, java.lang.Object)'> (0x00000007183650d8) 
thrown [s\open\src\hotspot\share\interpreter\linkResolver.cpp, line 805]
Event: 0.334 Thread 0x00000248c5876de0 Exception <a 'java/lang/NoSuchMethodError'{0x00000007180fec48}: 'long java.lang.invoke.DirectMethodHandle$Holder.invokeVirtual(java.lang.Object, java.lang.Object)'> (0x00000007180fec48) 
thrown [s\open\src\hotspot\share\interpreter\linkResolver.cpp, line 805]
Event: 0.380 Thread 0x00000248c5876de0 Exception <a 'java/lang/NoSuchMethodError'{0x0000000717c4bbb8}: 'int java.lang.invoke.DirectMethodHandle$Holder.invokeSpecial(java.lang.Object, java.lang.Object, java.lang.Object)'> (0x0000000717c4bbb8) 
thrown [s\open\src\hotspot\share\interpreter\linkResolver.cpp, line 805]
Event: 0.426 Thread 0x00000248c5876de0 Exception <a 'java/lang/NoSuchMethodError'{0x0000000717a0ff80}: 'void java.lang.invoke.DirectMethodHandle$Holder.invokeSpecial(java.lang.Object, java.lang.Object, int)'> (0x0000000717a0ff80) 
thrown [s\open\src\hotspot\share\interpreter\linkResolver.cpp, line 805]
Event: 0.426 Thread 0x00000248c5876de0 Exception <a 'java/lang/NoSuchMethodError'{0x0000000717a17ba0}: 'void java.lang.invoke.Invokers$Holder.invokeExact_MT(java.lang.Object, int, java.lang.Object)'> (0x0000000717a17ba0) 
thrown [s\open\src\hotspot\share\interpreter\linkResolver.cpp, line 805]
Event: 0.428 Thread 0x00000248c5876de0 Exception <a 'java/lang/NoSuchMethodError'{0x0000000717a32450}: 'void java.lang.invoke.DirectMethodHandle$Holder.invokeStatic(java.lang.Object, java.lang.Object, int)'> (0x0000000717a32450) 
thrown [s\open\src\hotspot\share\interpreter\linkResolver.cpp, line 805]
Event: 0.428 Thread 0x00000248c5876de0 Exception <a 'java/lang/NoSuchMethodError'{0x0000000717a41540}: 'java.lang.Object java.lang.invoke.DirectMethodHandle$Holder.newInvokeSpecial(java.lang.Object, java.lang.Object, int)'> (0x0000000717a41540) 
thrown [s\open\src\hotspot\share\interpreter\linkResolver.cpp, line 805]
Event: 0.429 Thread 0x00000248c2b91770 Exception <a 'java/lang/NoSuchMethodError'{0x0000000717afaf60}: 'long java.lang.invoke.DirectMethodHandle$Holder.invokeSpecial(java.lang.Object, java.lang.Object)'> (0x0000000717afaf60) 
thrown [s\open\src\hotspot\share\interpreter\linkResolver.cpp, line 805]
Event: 0.433 Thread 0x00000248c5876de0 Exception <a 'sun/nio/fs/WindowsException'{0x0000000717a76650}> (0x0000000717a76650) 
thrown [s\open\src\hotspot\share\prims\jni.cpp, line 518]
Event: 0.435 Thread 0x00000248c5876de0 Exception <a 'sun/nio/fs/WindowsException'{0x0000000717a83508}> (0x0000000717a83508) 
thrown [s\open\src\hotspot\share\prims\jni.cpp, line 518]
Event: 0.439 Thread 0x00000248c5876de0 Exception <a 'sun/nio/fs/WindowsException'{0x0000000717a952f0}> (0x0000000717a952f0) 
thrown [s\open\src\hotspot\share\prims\jni.cpp, line 518]

VM Operations (8 events):
Event: 0.150 Executing VM operation: HandshakeAllThreads (Deoptimize)
Event: 0.150 Executing VM operation: HandshakeAllThreads (Deoptimize) done
Event: 0.430 Executing VM operation: HandshakeAllThreads (Deoptimize)
Event: 0.430 Executing VM operation: HandshakeAllThreads (Deoptimize) done
Event: 0.432 Executing VM operation: HandshakeAllThreads (Deoptimize)
Event: 0.432 Executing VM operation: HandshakeAllThreads (Deoptimize) done
Event: 0.462 Executing VM operation: JFRSafepointClear
Event: 0.462 Executing VM operation: JFRSafepointClear done

Memory protections (0 events):
No events

Nmethod flushes (0 events):
No events

Events (18 events):
Event: 0.110 Thread 0x00000248c5876de0 Thread added: 0x00000248c5876de0
Event: 0.122 Thread 0x00000248c5876de0 Thread added: 0x00000248c11225f0
Event: 0.122 Thread 0x00000248c5876de0 Thread added: 0x00000248c5a1c9b0
Event: 0.123 Thread 0x00000248c5876de0 Thread added: 0x00000248c5a1d350
Event: 0.123 Thread 0x00000248c5876de0 Thread added: 0x00000248c5a1e560
Event: 0.123 Thread 0x00000248c5876de0 Thread added: 0x00000248c112d140
Event: 0.123 Thread 0x00000248c5876de0 Thread added: 0x00000248c1131c80
Event: 0.123 Thread 0x00000248c5876de0 Thread added: 0x00000248c11373b0
Event: 0.123 Thread 0x00000248c5876de0 Thread added: 0x00000248c1138740
Event: 0.129 Thread 0x00000248c1138740 Thread added: 0x00000248c111cec0
Event: 0.152 Thread 0x00000248c1138740 Thread added: 0x00000248c12450f0
Event: 0.152 Thread 0x00000248c111cec0 Thread added: 0x00000248c1246120
Event: 0.155 Thread 0x00000248c1138740 Thread added: 0x00000248c124d380
Event: 0.156 Thread 0x00000248c111cec0 Thread added: 0x00000248c1281cc0
Event: 0.170 Thread 0x00000248c5876de0 Thread added: 0x00000248c13f9e70
Event: 0.193 Thread 0x00000248c5876de0 Thread added: 0x00000248c14afa90
Event: 0.272 Thread 0x00000248c5876de0 Thread added: 0x00000248c1d67290
Event: 0.429 Thread 0x00000248c5876de0 Thread added: 0x00000248c2b91770


Dynamic libraries:
0x00007ff66b0f0000 - 0x00007ff66b0fe000 	C:\Users\starh\.jdks\openjdk-24.0.1\bin\java.exe
0x00007fffb00e0000 - 0x00007fffb0340000 	C:\WINDOWS\SYSTEM32\ntdll.dll
0x00007fffaf3c0000 - 0x00007fffaf487000 	C:\WINDOWS\System32\KERNEL32.DLL
0x00007fffad6d0000 - 0x00007fffada9a000 	C:\WINDOWS\System32\KERNELBASE.dll
0x00007fffad2c0000 - 0x00007fffad40b000 	C:\WINDOWS\System32\ucrtbase.dll
0x00007fff8df30000 - 0x00007fff8df46000 	C:\Users\starh\.jdks\openjdk-24.0.1\bin\jli.dll
0x00007fff8df50000 - 0x00007fff8df6b000 	C:\Users\starh\.jdks\openjdk-24.0.1\bin\VCRUNTIME140.dll
0x00007fffaeb50000 - 0x00007fffaed1c000 	C:\WINDOWS\System32\USER32.dll
0x00007fffade00000 - 0x00007fffade27000 	C:\WINDOWS\System32\win32u.dll
0x00007fffaf260000 - 0x00007fffaf28a000 	C:\WINDOWS\System32\GDI32.dll
0x00007fff8aae0000 - 0x00007fff8ad77000 	C:\WINDOWS\WinSxS\amd64_microsoft.windows.common-controls_6595b64144ccf1df_6.0.26100.3624_none_3e086962e3345f24\COMCTL32.dll
0x00007fffad590000 - 0x00007fffad6c1000 	C:\WINDOWS\System32\gdi32full.dll
0x00007fffafff0000 - 0x00007fffb0099000 	C:\WINDOWS\System32\msvcrt.dll
0x00007fffade30000 - 0x00007fffaded3000 	C:\WINDOWS\System32\msvcp_win.dll
0x00007fffae3e0000 - 0x00007fffae40f000 	C:\WINDOWS\System32\IMM32.DLL
0x00007fff8df20000 - 0x00007fff8df2c000 	C:\Users\starh\.jdks\openjdk-24.0.1\bin\vcruntime140_1.dll
0x00007fff8c0a0000 - 0x00007fff8c12e000 	C:\Users\starh\.jdks\openjdk-24.0.1\bin\msvcp140.dll
0x00007ffefbf60000 - 0x00007ffefcd02000 	C:\Users\starh\.jdks\openjdk-24.0.1\bin\server\jvm.dll
0x00007fffaf490000 - 0x00007fffaf542000 	C:\WINDOWS\System32\ADVAPI32.dll
0x00007fffaff40000 - 0x00007fffaffe6000 	C:\WINDOWS\System32\sechost.dll
0x00007fffaf2a0000 - 0x00007fffaf3b6000 	C:\WINDOWS\System32\RPCRT4.dll
0x00007fffadee0000 - 0x00007fffadf54000 	C:\WINDOWS\System32\WS2_32.dll
0x00007fffabf30000 - 0x00007fffabf8e000 	C:\WINDOWS\SYSTEM32\POWRPROF.dll
0x00007fff9e200000 - 0x00007fff9e236000 	C:\WINDOWS\SYSTEM32\WINMM.dll
0x00007fff9ffb0000 - 0x00007fff9ffbb000 	C:\WINDOWS\SYSTEM32\VERSION.dll
0x00007fffabf10000 - 0x00007fffabf24000 	C:\WINDOWS\SYSTEM32\UMPDC.dll
0x00007fffac1f0000 - 0x00007fffac20a000 	C:\WINDOWS\SYSTEM32\kernel.appcore.dll
0x00007fff8c3d0000 - 0x00007fff8c3da000 	C:\Users\starh\.jdks\openjdk-24.0.1\bin\jimage.dll
0x00007fffaaa20000 - 0x00007fffaac61000 	C:\WINDOWS\SYSTEM32\DBGHELP.DLL
0x00007fffaedd0000 - 0x00007fffaf152000 	C:\WINDOWS\System32\combase.dll
0x00007fffafd50000 - 0x00007fffafe26000 	C:\WINDOWS\System32\OLEAUT32.dll
0x00007fff84440000 - 0x00007fff84479000 	C:\WINDOWS\SYSTEM32\dbgcore.DLL
0x00007fffadd60000 - 0x00007fffaddf9000 	C:\WINDOWS\System32\bcryptPrimitives.dll
0x00007fff8bf80000 - 0x00007fff8bf8f000 	C:\Users\starh\.jdks\openjdk-24.0.1\bin\instrument.dll
0x00007fff8c080000 - 0x00007fff8c09e000 	C:\Users\starh\.jdks\openjdk-24.0.1\bin\java.dll
0x00007fffae420000 - 0x00007fffae5b6000 	C:\WINDOWS\System32\ole32.dll
0x00007fffaf550000 - 0x00007fffafc79000 	C:\WINDOWS\System32\SHELL32.dll
0x00007fffadaa0000 - 0x00007fffadc08000 	C:\WINDOWS\System32\wintypes.dll
0x00007fff86260000 - 0x00007fff86458000 	C:\Users\starh\AppData\Local\Temp\idea_libasyncProfiler_dll_temp_folder10\libasyncProfiler.dll
0x00007fffaaf50000 - 0x00007fffab7a2000 	C:\WINDOWS\SYSTEM32\windows.storage.dll
0x00007fffafe30000 - 0x00007fffaff1d000 	C:\WINDOWS\System32\SHCORE.dll
0x00007fffae370000 - 0x00007fffae3d4000 	C:\WINDOWS\System32\shlwapi.dll
0x00007fffad1d0000 - 0x00007fffad1ff000 	C:\WINDOWS\SYSTEM32\profapi.dll
0x00007fff8bfa0000 - 0x00007fff8c077000 	C:\Users\starh\.jdks\openjdk-24.0.1\bin\jsvml.dll
0x00007fff8bf40000 - 0x00007fff8bf57000 	C:\Users\starh\.jdks\openjdk-24.0.1\bin\zip.dll
0x00007fff8bf90000 - 0x00007fff8bfa0000 	C:\Users\starh\.jdks\openjdk-24.0.1\bin\net.dll
0x00007fffac710000 - 0x00007fffac77a000 	C:\WINDOWS\system32\mswsock.dll
0x00007fff8bf60000 - 0x00007fff8bf76000 	C:\Users\starh\.jdks\openjdk-24.0.1\bin\nio.dll
0x00007fff8bf30000 - 0x00007fff8bf39000 	C:\Users\starh\.jdks\openjdk-24.0.1\bin\extnet.dll

JVMTI agents:
C:\Program Files\JetBrains\IntelliJ IDEA 2025.1.1.1\lib\idea_rt.jar path:C:\Users\starh\.jdks\openjdk-24.0.1\bin\instrument.dll, loaded, initialized, instrumentlib options:58289
C:\Users\starh\AppData\Local\Temp\idea_libasyncProfiler_dll_temp_folder10\libasyncProfiler.dll path:C:\Users\starh\AppData\Local\Temp\idea_libasyncProfiler_dll_temp_folder10\libasyncProfiler.dll, loaded, initialized, options:start,jfr,event=wall,interval=10ms,jfrsync=profile,cstack=no,file=C:\Users\starh\IdeaSnapshots\ShoppingCartApllication_2025_05_11_022630.jfr,dbghelppath=C:\Users\starh\AppData\Local\Temp\idea_dbghelp_dll_temp_folder\dbghelp.dll,log=C:\Users\starh\AppData\Local\Temp\ShoppingCartApllication_2025_05_11_022630.jfr.log.txt,logLevel=DEBUG

dbghelp: loaded successfully - version: 4.0.5 - missing functions: none
symbol engine: initialized successfully - sym options: 0x614 - pdb path: .;C:\Users\starh\.jdks\openjdk-24.0.1\bin;C:\WINDOWS\SYSTEM32;C:\WINDOWS\WinSxS\amd64_microsoft.windows.common-controls_6595b64144ccf1df_6.0.26100.3624_none_3e086962e3345f24;C:\Users\starh\.jdks\openjdk-24.0.1\bin\server;C:\Users\starh\AppData\Local\Temp\idea_libasyncProfiler_dll_temp_folder10

VM Arguments:
jvm_args: -javaagent:C:\Program Files\JetBrains\IntelliJ IDEA 2025.1.1.1\lib\idea_rt.jar=58289 -agentpath:C:\Users\starh\AppData\Local\Temp\idea_libasyncProfiler_dll_temp_folder10\libasyncProfiler.dll=start,jfr,event=wall,interval=10ms,jfrsync=profile,cstack=no,file=C:\Users\starh\IdeaSnapshots\ShoppingCartApllication_2025_05_11_022630.jfr,dbghelppath=C:\Users\starh\AppData\Local\Temp\idea_dbghelp_dll_temp_folder\dbghelp.dll,log=C:\Users\starh\AppData\Local\Temp\ShoppingCartApllication_2025_05_11_022630.jfr.log.txt,logLevel=DEBUG -Dfile.encoding=UTF-8 -Dsun.stdout.encoding=UTF-8 -Dsun.stderr.encoding=UTF-8 
java_command: jdk.jfr.snippets.Snippets$ConfigurationOverview
java_class_path (initial): .
Launcher Type: SUN_STANDARD

[Global flags]
     intx CICompilerCount                          = 12                                        {product} {ergonomic}
     uint ConcGCThreads                            = 4                                         {product} {ergonomic}
     bool FlightRecorder                           = true                                      {product} {management}
     uint G1ConcRefinementThreads                  = 16                                        {product} {ergonomic}
   size_t G1HeapRegionSize                         = 2097152                                   {product} {ergonomic}
   size_t InitialHeapSize                          = 260046848                                 {product} {ergonomic}
   size_t MarkStackSize                            = 4194304                                   {product} {ergonomic}
   size_t MarkStackSizeMax                         = 536870912                                 {product} {ergonomic}
   size_t MaxHeapSize                              = 4141875200                                {product} {ergonomic}
   size_t MaxNewSize                               = 2485125120                                {product} {ergonomic}
   size_t MinHeapDeltaBytes                        = 2097152                                   {product} {ergonomic}
   size_t MinHeapSize                              = 8388608                                   {product} {ergonomic}
    uintx NonNMethodCodeHeapSize                   = 7602176                                {pd product} {ergonomic}
    uintx NonProfiledCodeHeapSize                  = 122093568                              {pd product} {ergonomic}
    uintx ProfiledCodeHeapSize                     = 121962496                              {pd product} {ergonomic}
    uintx ReservedCodeCacheSize                    = 251658240                              {pd product} {ergonomic}
     bool SegmentedCodeCache                       = true                                      {product} {ergonomic}
   size_t SoftMaxHeapSize                          = 4141875200                             {manageable} {ergonomic}
     bool UseCompressedOops                        = true                           {product lp64_product} {ergonomic}
     bool UseG1GC                                  = true                                      {product} {ergonomic}
     bool UseLargePagesIndividualAllocation        = false                                  {pd product} {ergonomic}

Logging:
Log output configuration:
 #0: stdout all=warning uptime,level,tags foldmultilines=false
 #1: stderr all=off uptime,level,tags foldmultilines=false

Environment Variables:
PATH=C:\Program Files\Common Files\Oracle\Java\javapath;C:\windows\system32;C:\windows;C:\windows\System32\Wbem;C:\windows\System32\WindowsPowerShell\v1.0\;C:\windows\System32\OpenSSH\;C:\Program Files (x86)\NVIDIA Corporation\PhysX\Common;C:\Program Files\NVIDIA Corporation\NVIDIA NvDLISR;C:\Users\Administrator\AppData\Local\Microsoft\WindowsApps;C:\Program Files\HP\OMEN-Broadcast\Common;C:\Program Files\Git\cmd;C:\Program Files\nodejs\;C:\Program Files\HP\HP One Agent;C:\WINDOWS\system32;C:\WINDOWS;C:\WINDOWS\System32\Wbem;C:\WINDOWS\System32\WindowsPowerShell\v1.0\;C:\WINDOWS\System32\OpenSSH\;C:\Program Files\MySQL\MySQL Shell 8.0\bin\;C:\Users\starh\AppData\Local\Microsoft\WindowsApps;C:\Users\starh\AppData\Local\Programs\Microsoft VS Code\bin;C:\Users\starh\AppData\Roaming\npm;;C:\Program Files\JetBrains\IntelliJ IDEA 2025.1.1.1\bin;
USERNAME=starh
OS=Windows_NT
PROCESSOR_IDENTIFIER=Intel64 Family 6 Model 170 Stepping 4, GenuineIntel
TMP=C:\Users\starh\AppData\Local\Temp
TEMP=C:\Users\starh\AppData\Local\Temp




Periodic native trim disabled

---------------  S Y S T E M  ---------------

OS:
 Windows 11 , 64 bit Build 26100 (10.0.26100.3775)
OS uptime: 0 days 0:03 hours
Hyper-V role detected

CPU: total 22 (initial active 22) (11 cores per cpu, 2 threads per core) family 6 model 170 stepping 4 microcode 0x23, cx8, cmov, fxsr, ht, mmx, 3dnowpref, sse, sse2, sse3, ssse3, sse4.1, sse4.2, popcnt, lzcnt, tsc, tscinvbit, avx, avx2, aes, erms, clmul, bmi1, bmi2, adx, sha, fma, vzeroupper, clflush, clflushopt, clwb, hv, serialize, rdtscp, rdpid, fsrm, gfni, f16c, cet_ibt, cet_ss
Processor Information for processor 0
  Max Mhz: 1400, Current Mhz: 1400, Mhz Limit: 1400
Processor Information for processor 1
  Max Mhz: 1400, Current Mhz: 1400, Mhz Limit: 1400
Processor Information for processor 2
  Max Mhz: 3800, Current Mhz: 900, Mhz Limit: 874
Processor Information for processor 3
  Max Mhz: 3800, Current Mhz: 900, Mhz Limit: 874
Processor Information for processor 4
  Max Mhz: 3800, Current Mhz: 900, Mhz Limit: 874
Processor Information for processor 5
  Max Mhz: 3800, Current Mhz: 900, Mhz Limit: 874
Processor Information for processor 6
  Max Mhz: 3800, Current Mhz: 900, Mhz Limit: 874
Processor Information for processor 7
  Max Mhz: 3800, Current Mhz: 900, Mhz Limit: 874
Processor Information for processor 8
  Max Mhz: 3800, Current Mhz: 900, Mhz Limit: 874
Processor Information for processor 9
  Max Mhz: 3800, Current Mhz: 900, Mhz Limit: 874
Processor Information for processor 10
  Max Mhz: 1400, Current Mhz: 1400, Mhz Limit: 1400
Processor Information for processor 11
  Max Mhz: 1400, Current Mhz: 1400, Mhz Limit: 1400
Processor Information for processor 12
  Max Mhz: 1400, Current Mhz: 1400, Mhz Limit: 1400
Processor Information for processor 13
  Max Mhz: 1400, Current Mhz: 1400, Mhz Limit: 1400
Processor Information for processor 14
  Max Mhz: 1400, Current Mhz: 1400, Mhz Limit: 1400
Processor Information for processor 15
  Max Mhz: 1400, Current Mhz: 1400, Mhz Limit: 1400
Processor Information for processor 16
  Max Mhz: 1400, Current Mhz: 1400, Mhz Limit: 1400
Processor Information for processor 17
  Max Mhz: 1400, Current Mhz: 1400, Mhz Limit: 1400
Processor Information for processor 18
  Max Mhz: 1400, Current Mhz: 1400, Mhz Limit: 1400
Processor Information for processor 19
  Max Mhz: 1400, Current Mhz: 1400, Mhz Limit: 1400
Processor Information for processor 20
  Max Mhz: 2500, Current Mhz: 700, Mhz Limit: 700
Processor Information for processor 21
  Max Mhz: 2500, Current Mhz: 700, Mhz Limit: 700

Memory: 4k page, system-wide physical 15799M (3941M free)
TotalPageFile size 18743M (AvailPageFile size 5722M)
current process WorkingSet (physical memory assigned to process): 92M, peak: 92M
current process commit charge ("private bytes"): 410M, peak: 410M

vm_info: OpenJDK 64-Bit Server VM (24.0.1+9-30) for windows-amd64 JRE (24.0.1+9-30), built on 2025-03-05T07:23:45Z with MS VC++ 17.6 (VS2022)

END.
